[20:24:35][Main:addCommands] FINE: Help command added
[20:24:35][Main:addCommands] INFO: Commands loaded
[20:24:35][Game:run] FINE: Framerate set to 120
[20:24:35][Game:run] FINE: Fullscreen set to true
[20:24:35][Game:run] FINE: Screen Width set to 1920
[20:24:35][Game:run] FINE: Screen Height set to 1080
[20:24:35][Game:run] FINE: Antianliasing set to 16
[20:24:35][Game:run] FINE: VSynce set to true
[20:24:35][Game:run] FINE: Title set to "Game 3D [WIP]"
[20:24:35][Game:run] FINE: Icon set
[20:24:35][Game:run] INFO: Starting game
[20:24:37][Init:world] FINE: Background color set
[20:24:37][Init:world] INFO: World initialized
[20:24:37][Init:entities] INFO: Entities initialized
[20:24:37][Init:lighting] FINE: Ambient light created
[20:24:37][Init:lighting] FINE: Directional light created
[20:24:37][Init:lighting] INFO: Lighting initialized
[20:24:37][Init:keys] CONFIG: Key + 30 set to Left
[20:24:37][Init:keys] CONFIG: Key + 32 set to Right
[20:24:37][Init:keys] CONFIG: Key + 17 set to Up
[20:24:37][Init:keys] CONFIG: Key + 32 set to Down
[20:24:37][Init:keys] CONFIG: Key + 57 set to Jump
[20:24:37][Init:keys] INFO: Key listener created
[20:24:37][Init:keys] INFO: Keys initialized
